<?xml version="1.0" encoding="utf-8" standalone="no"?>
<!--This file represents the results of running a test suite-->
<test-results name="D:\visual-studio-projects\BastardInjection\BastardInjection.Unit.Tests\bin\Debug\BastardInjection.Unit.Tests.dll" total="2" errors="0" failures="0" not-run="0" inconclusive="0" ignored="0" skipped="0" invalid="0" date="2015-03-03" time="22:50:14">
  <environment nunit-version="2.6.3.13283" clr-version="2.0.50727.8009" os-version="Microsoft Windows NT 6.2.9200.0" platform="Win32NT" cwd="C:\Program Files (x86)\NUnit 2.6.3\bin" machine-name="FLUFFIO-PC" user="TeckLoy" user-domain="FLUFFIO-PC" />
  <culture-info current-culture="en-GB" current-uiculture="en-GB" />
  <test-suite type="Assembly" name="D:\visual-studio-projects\BastardInjection\BastardInjection.Unit.Tests\bin\Debug\BastardInjection.Unit.Tests.dll" executed="True" result="Success" success="True" time="0.426" asserts="0">
    <results>
      <test-suite type="Namespace" name="BastardInjection" executed="True" result="Success" success="True" time="0.414" asserts="0">
        <results>
          <test-suite type="Namespace" name="Unit" executed="True" result="Success" success="True" time="0.413" asserts="0">
            <results>
              <test-suite type="Namespace" name="Tests" executed="True" result="Success" success="True" time="0.413" asserts="0">
                <results>
                  <test-suite type="TestFixture" name="PieValidatorTests" executed="True" result="Success" success="True" time="0.411" asserts="0">
                    <results>
                      <test-suite type="ParameterizedTest" name="ValidatorConsultsEngineForTastinessOfPie" executed="True" result="Success" success="True" time="0.405" asserts="0">
                        <results>
                          <test-case name="BastardInjection.Unit.Tests.PieValidatorTests.ValidatorConsultsEngineForTastinessOfPie(False)" executed="True" result="Success" success="True" time="0.393" asserts="1" />
                          <test-case name="BastardInjection.Unit.Tests.PieValidatorTests.ValidatorConsultsEngineForTastinessOfPie(True)" executed="True" result="Success" success="True" time="0.003" asserts="1" />
                        </results>
                      </test-suite>
                    </results>
                  </test-suite>
                </results>
              </test-suite>
            </results>
          </test-suite>
        </results>
      </test-suite>
    </results>
  </test-suite>
</test-results>